15:34:36.754 [main] INFO bench.HybridTlsClient -- ===========================================
15:34:36.756 [main] INFO bench.HybridTlsClient -- Client Mode: CLASSICAL
15:34:36.756 [main] INFO bench.HybridTlsClient -- TLS Named Groups: x25519
15:34:36.757 [main] INFO bench.HybridTlsClient -- Concurrency: 10 threads
15:34:36.757 [main] INFO bench.HybridTlsClient -- Runs per thread: 100
15:34:36.757 [main] INFO bench.HybridTlsClient -- Total connections: 1000
15:34:36.757 [main] INFO bench.HybridTlsClient -- ===========================================
15:34:37.690 [main] INFO bench.HybridTlsClient -- 
15:34:37.691 [main] INFO bench.HybridTlsClient -- ===========================================
15:34:37.691 [main] INFO bench.HybridTlsClient --            BENCHMARK RESULTS
15:34:37.691 [main] INFO bench.HybridTlsClient -- ===========================================
15:34:37.691 [main] INFO bench.HybridTlsClient -- 
15:34:37.691 [main] INFO bench.HybridTlsClient -- Connections: 1000 success, 0 failed
15:34:37.694 [main] INFO bench.HybridTlsClient -- Duration: 0.89 seconds
15:34:37.695 [main] INFO bench.HybridTlsClient -- Throughput: 1118.41 connections/sec
15:34:37.695 [main] INFO bench.HybridTlsClient -- 
15:34:37.695 [main] INFO bench.HybridTlsClient -- --- Handshake Latency (ms) ---
15:34:37.695 [main] INFO bench.HybridTlsClient --   Min:    3.781
15:34:37.695 [main] INFO bench.HybridTlsClient --   Mean:   8.301
15:34:37.695 [main] INFO bench.HybridTlsClient --   Median: 5.833
15:34:37.695 [main] INFO bench.HybridTlsClient --   p90:    11.493
15:34:37.695 [main] INFO bench.HybridTlsClient --   p95:    19.701
15:34:37.695 [main] INFO bench.HybridTlsClient --   p99:    57.774
15:34:37.695 [main] INFO bench.HybridTlsClient --   Max:    130.766
15:34:37.695 [main] INFO bench.HybridTlsClient -- 
15:34:37.695 [main] INFO bench.HybridTlsClient -- ===========================================
15:34:37.695 [main] INFO bench.HybridTlsClient -- 
15:34:37.695 [main] INFO bench.HybridTlsClient -- CSV_OUTPUT:
15:34:37.695 [main] INFO bench.HybridTlsClient -- concurrency,runs,success,fail,mean_ms,median_ms,p90_ms,p95_ms,p99_ms,max_ms,throughput
15:34:37.695 [main] INFO bench.HybridTlsClient -- 10,100,1000,0,8.301,5.833,11.493,19.701,57.774,130.766,1118.41
