===========================================
Client Mode: CLASSICAL
TLS Named Groups: x25519
Concurrency: 100 threads
Runs per thread: 10
Total connections: 1000
===========================================

===========================================
           BENCHMARK RESULTS
===========================================

Connections: 1000 success, 0 failed
Duration: 0.58 seconds
Throughput: 1731.20 connections/sec

--- Handshake Latency (ms) ---
  Min:    1.144
  Mean:   32.394
  Median: 5.386
  p90:    113.434
  p95:    150.685
  p99:    233.288
  Max:    364.500

===========================================

CSV_OUTPUT:
concurrency,runs,success,fail,mean_ms,median_ms,p90_ms,p95_ms,p99_ms,max_ms,throughput
100,10,1000,0,32.394,5.386,113.434,150.685,233.288,364.500,1731.20
