15:53:25.653 [main] INFO bench.HybridTlsServer -- Server listening on port 8443
15:53:29.914 [main] ERROR bench.HybridTlsServer -- Error handling client
javax.net.ssl.SSLHandshakeException: (missing_extension) No supported_groups or signature_algorithms extension when pre_shared_key extension is not present
	at java.base/sun.security.ssl.Alert.createSSLException(Alert.java:130)
	at java.base/sun.security.ssl.Alert.createSSLException(Alert.java:117)
	at java.base/sun.security.ssl.TransportContext.fatal(TransportContext.java:370)
	at java.base/sun.security.ssl.TransportContext.fatal(TransportContext.java:326)
	at java.base/sun.security.ssl.TransportContext.fatal(TransportContext.java:317)
	at java.base/sun.security.ssl.PreSharedKeyExtension$CHPreSharedKeyOnTradeAbsence.absent(PreSharedKeyExtension.java:864)
	at java.base/sun.security.ssl.SSLExtension.absentOnTrade(SSLExtension.java:639)
	at java.base/sun.security.ssl.SSLExtensions.consumeOnTrade(SSLExtensions.java:217)
	at java.base/sun.security.ssl.ServerHello$T13ServerHelloProducer.produce(ServerHello.java:515)
	at java.base/sun.security.ssl.SSLHandshake.produce(SSLHandshake.java:437)
	at java.base/sun.security.ssl.ClientHello$T13ClientHelloConsumer.goServerHello(ClientHello.java:1247)
	at java.base/sun.security.ssl.ClientHello$T13ClientHelloConsumer.consume(ClientHello.java:1183)
	at java.base/sun.security.ssl.ClientHello$ClientHelloConsumer.onClientHello(ClientHello.java:841)
	at java.base/sun.security.ssl.ClientHello$ClientHelloConsumer.consume(ClientHello.java:798)
	at java.base/sun.security.ssl.SSLHandshake.consume(SSLHandshake.java:393)
	at java.base/sun.security.ssl.HandshakeContext.dispatch(HandshakeContext.java:477)
	at java.base/sun.security.ssl.HandshakeContext.dispatch(HandshakeContext.java:448)
	at java.base/sun.security.ssl.TransportContext.dispatch(TransportContext.java:206)
	at java.base/sun.security.ssl.SSLTransport.decode(SSLTransport.java:172)
	at java.base/sun.security.ssl.SSLSocketImpl.decode(SSLSocketImpl.java:1506)
	at java.base/sun.security.ssl.SSLSocketImpl.readHandshakeRecord(SSLSocketImpl.java:1421)
	at java.base/sun.security.ssl.SSLSocketImpl.startHandshake(SSLSocketImpl.java:455)
	at java.base/sun.security.ssl.SSLSocketImpl.startHandshake(SSLSocketImpl.java:426)
	at bench.HybridTlsServer.handleClient(HybridTlsServer.java:121)
	at bench.HybridTlsServer.start(HybridTlsServer.java:43)
	at bench.HybridTlsServer.main(HybridTlsServer.java:166)
